<?xml version="1.0" encoding="UTF-8"?>
<!-- Generated by org.testng.reporters.JUnitReportReporter -->
<testsuite hostname="DESKTOP-JV1I1EE" failures="0" tests="2" name="starhealthtest.StarHealth001" time="9.140" errors="0" timestamp="2023-10-25T14:53:38 IST" skipped="0">
  <testcase classname="starhealthtest.StarHealth001" name="validatetwitter" time="9.001"/>
  <system-out/>
  <testcase classname="starhealthtest.StarHealth001" name="closechild" time="0.139"/>
  <system-out/>
</testsuite> <!-- starhealthtest.StarHealth001 -->
