<?xml version="1.0" encoding="UTF-8"?>
<!-- Generated by org.testng.reporters.JUnitReportReporter -->
<testsuite hostname="DESKTOP-JV1I1EE" failures="0" tests="1" name="starhealthtest.Starhealth002" time="3.941" errors="0" timestamp="2023-10-25T14:50:49 IST" skipped="0">
  <testcase classname="starhealthtest.Starhealth002" name="links" time="3.941"/>
  <system-out/>
</testsuite> <!-- starhealthtest.Starhealth002 -->
